<!DOCTYPE html>
<!-- saved from url=(0079)file:///C:/Users/Yogesh%20M/eclipse-workspace/User_Panel/test-output/index.html -->
<html><head><meta http-equiv="Content-Type" content="text/html; charset=UTF-8">
  
  <title>TestNG reports</title>

    <link type="text/css" href="./TestNG reports_files/testng-reports1.css" rel="stylesheet" id="ultra">
    <link type="text/css" href="./TestNG reports_files/testng-reports.css" rel="stylesheet" id="retro" disabled="false">
    <script type="text/javascript" src="./TestNG reports_files/jquery.min.js"></script>
    <script type="text/javascript" src="./TestNG reports_files/testng-reports.js"></script>
    <script type="text/javascript" src="./TestNG reports_files/jsapi"></script>
    <script type="text/javascript">
      google.load('visualization', '1', {packages:['table']});
      google.setOnLoadCallback(drawTable);
      var suiteTableInitFunctions = new Array();
      var suiteTableData = new Array();
    </script><script type="text/javascript" charset="UTF-8" src="./TestNGReport_files/loader.js.download"></script>
    <!--
      <script type="text/javascript" src="jquery-ui/js/jquery-ui-1.8.16.custom.min.js"></script>
     -->
  <link id="load-css-0" rel="stylesheet" type="text/css" href="./TestNGReport_files/tooltip.css"><link id="load-css-1" rel="stylesheet" type="text/css" href="./TestNG reports_files/util.css"><link id="load-css-2" rel="stylesheet" type="text/css" href="./TestNG reports_files/table.css"><link id="load-css-3" rel="stylesheet" type="text/css" href="./TestNG reports_files/format.css"><script type="text/javascript" charset="UTF-8" src="./TestNG reports_files/jsapi_compiled_default_module.js.download"></script><script type="text/javascript" charset="UTF-8" src="./TestNG reports_files/jsapi_compiled_graphics_module.js.download"></script><script type="text/javascript" charset="UTF-8" src="./TestNG reports_files/jsapi_compiled_ui_module.js.download"></script><script type="text/javascript" charset="UTF-8" src="./TestNG reports_files/jsapi_compiled_table_module.js.download"></script></head>

  <body>
    <div class="top-banner-root">
      <span class="top-banner-title-font">Test results</span>
      <button id="button" class="button">Switch Retro Theme</button> <!-- button -->
      <br>
      <span class="top-banner-font-1">1 suite, 4 failed tests</span>
    </div> <!-- top-banner-root -->
    <div class="navigator-root">
      <div class="navigator-suite-header">
        <span>All suites</span>
        <a href="file:///C:/Users/Yogesh%20M/eclipse-workspace/User_Panel/test-output/index.html#" title="Collapse/expand all the suites" class="collapse-all-link">
          <img src="./TestNGReport_files/collapseall.gif" class="collapse-all-icon">
           <!-- collapse-all-icon -->
        </a> <!-- collapse-all-link -->
      </div> <!-- navigator-suite-header -->
      <div class="suite">
        <div class="rounded-window">
          <div class="suite-header light-rounded-window-top navigator-selected">
            <a href="file:///C:/Users/Yogesh%20M/eclipse-workspace/User_Panel/test-output/index.html#" panel-name="suite-MySuite" class="navigator-link">
              <span class="suite-name border-failed">MySuite</span>
            </a> <!-- navigator-link -->
          </div> <!-- suite-header light-rounded-window-top -->
          <div class="navigator-suite-content">
            <div class="suite-section-title">
              <span>Info</span>
            </div> <!-- suite-section-title -->
            <div class="suite-section-content">
              <ul>
                <li>
                  <a href="file:///C:/Users/Yogesh%20M/eclipse-workspace/User_Panel/test-output/index.html#" panel-name="test-xml-MySuite" class="navigator-link ">
                    <span>[unset file name]</span>
                  </a> <!-- navigator-link  -->
                </li>
                <li>
                  <a href="file:///C:/Users/Yogesh%20M/eclipse-workspace/User_Panel/test-output/index.html#" panel-name="testlist-MySuite" class="navigator-link ">
                    <span class="test-stats">1 test</span>
                  </a> <!-- navigator-link  -->
                </li>
                <li>
                  <a href="file:///C:/Users/Yogesh%20M/eclipse-workspace/User_Panel/test-output/index.html#" panel-name="group-MySuite" class="navigator-link ">
                    <span>0 groups</span>
                  </a> <!-- navigator-link  -->
                </li>
                <li>
                  <a href="file:///C:/Users/Yogesh%20M/eclipse-workspace/User_Panel/test-output/index.html#" panel-name="times-MySuite" class="navigator-link ">
                    <span>Times</span>
                  </a> <!-- navigator-link  -->
                </li>
                <li>
                  <a href="file:///C:/Users/Yogesh%20M/eclipse-workspace/User_Panel/test-output/index.html#" panel-name="reporter-MySuite" class="navigator-link ">
                    <span>Reporter output</span>
                  </a> <!-- navigator-link  -->
                </li>
                <li>
                  <a href="file:///C:/Users/Yogesh%20M/eclipse-workspace/User_Panel/test-output/index.html#" panel-name="ignored-methods-MySuite" class="navigator-link ">
                    <span>Ignored methods</span>
                  </a> <!-- navigator-link  -->
                </li>
                <li>
                  <a href="file:///C:/Users/Yogesh%20M/eclipse-workspace/User_Panel/test-output/index.html#" panel-name="chronological-MySuite" class="navigator-link ">
                    <span>Chronological view</span>
                  </a> <!-- navigator-link  -->
                </li>
              </ul>
            </div> <!-- suite-section-content -->
            <div class="result-section">
              <div class="suite-section-title">
                <span>Results</span>
              </div> <!-- suite-section-title -->
              <div class="suite-section-content">
                <ul>
                  <li>
                    <span class="method-stats">5 methods, 4 failed,   1 passed</span>
                  </li>
                  <li>
                    <span class="method-list-title failed">Failed methods</span>
                    <span class="show-or-hide-methods failed">
                      <a href="file:///C:/Users/Yogesh%20M/eclipse-workspace/User_Panel/test-output/index.html#" panel-name="suite-MySuite" class="hide-methods failed suite-MySuite"> (hide)</a> <!-- hide-methods failed suite-MySuite -->
                      <a href="file:///C:/Users/Yogesh%20M/eclipse-workspace/User_Panel/test-output/index.html#" panel-name="suite-MySuite" class="show-methods failed suite-MySuite" style="display: none;"> (show)</a> <!-- show-methods failed suite-MySuite -->
                    </span>
                    <div class="method-list-content failed suite-MySuite">
                      <span>
                        <img src="./TestNGReport_files/failed.png" width="3%">
                        <a href="file:///C:/Users/Yogesh%20M/eclipse-workspace/User_Panel/test-output/index.html#" panel-name="suite-MySuite" title="testcase_MD_User.Checkout_User" class="method navigator-link" hash-for-method="Checkout_User1">Checkout_User1</a> <!-- method navigator-link -->
                      </span>
                      <br>
                      <span>
                        <img src="./TestNG reports_files/failed.png" width="3%">
                        <a href="file:///C:/Users/Yogesh%20M/eclipse-workspace/User_Panel/test-output/index.html#" panel-name="suite-MySuite" title="testcase_MD_User.GiftCardUser" class="method navigator-link" hash-for-method="Checkout_User1">Checkout_User1</a> <!-- method navigator-link -->
                      </span>
                      <br>
                      <span>
                        <img src="./TestNG reports_files/failed.png" width="3%">
                        <a href="file:///C:/Users/Yogesh%20M/eclipse-workspace/User_Panel/test-output/index.html#" panel-name="suite-MySuite" title="testcase_MD_User.Login_User" class="method navigator-link" hash-for-method="Login_User1">Login_User1</a> <!-- method navigator-link -->
                      </span>
                      <br>
                      <span>
                        <img src="./TestNGReport_files/failed.png" width="3%">
                        <a href="file:///C:/Users/Yogesh%20M/eclipse-workspace/User_Panel/test-output/index.html#" panel-name="suite-MySuite" title="testcase_MD_User.Menu_User" class="method navigator-link" hash-for-method="Menu_User1">Menu_User1</a> <!-- method navigator-link -->
                      </span>
                      <br>
                    </div> <!-- method-list-content failed suite-MySuite -->
                  </li>
                  <li>
                    <span class="method-list-title passed">Passed methods</span>
                    <span class="show-or-hide-methods passed">
                      <a href="file:///C:/Users/Yogesh%20M/eclipse-workspace/User_Panel/test-output/index.html#" panel-name="suite-MySuite" class="hide-methods passed suite-MySuite" style="display: none;"> (hide)</a> <!-- hide-methods passed suite-MySuite -->
                      <a href="file:///C:/Users/Yogesh%20M/eclipse-workspace/User_Panel/test-output/index.html#" panel-name="suite-MySuite" class="show-methods passed suite-MySuite"> (show)</a> <!-- show-methods passed suite-MySuite -->
                    </span>
                    <div class="method-list-content passed suite-MySuite" style="display: none;">
                      <span>
                        <img src="./TestNGReport_files/passed.png" width="3%">
                        <a href="file:///C:/Users/Yogesh%20M/eclipse-workspace/User_Panel/test-output/index.html#" panel-name="suite-MySuite" title="testcase_MD_User.Create_Account" class="method navigator-link" hash-for-method="Create_Account1">Create_Account1</a> <!-- method navigator-link -->
                      </span>
                      <br>
                    </div> <!-- method-list-content passed suite-MySuite -->
                  </li>
                </ul>
              </div> <!-- suite-section-content -->
            </div> <!-- result-section -->
          </div> <!-- navigator-suite-content -->
        </div> <!-- rounded-window -->
      </div> <!-- suite -->
    </div> <!-- navigator-root -->
    <div class="wrapper">
      <div class="main-panel-root">
        <div panel-name="suite-MySuite" class="panel MySuite" style="">
          <div class="suite-MySuite-class-failed">
            <div class="main-panel-header rounded-window-top">
              <img src="./TestNG reports_files/failed.png">
              <span class="class-name">testcase_MD_User.Checkout_User</span>
            </div> <!-- main-panel-header rounded-window-top -->
            <div class="main-panel-content rounded-window-bottom">
              <div class="method">
                <div class="method-content">
                  <a name="Checkout_User1">
                  </a> <!-- Checkout_User1 -->
                  <span class="method-name">Checkout_User1</span>
                  <div class="stack-trace">org.openqa.selenium.NoSuchElementException: no such element: Unable to locate element: {"method":"xpath","selector":"//*[@id="billing"]/form/div[2]/div[1]/div/label"}
  (Session info: chrome=138.0.7204.49)
For documentation on this error, please visit: https://www.selenium.dev/documentation/webdriver/troubleshooting/errors#no-such-element-exception
Build info: version: '4.21.0', revision: '79ed462ef4'
System info: os.name: 'Windows 11', os.arch: 'amd64', os.version: '10.0', java.version: '23.0.1'
Driver info: org.openqa.selenium.chrome.ChromeDriver
Command: [80e799eb4d69e1a64f15fdc0f7d324ce, findElement {value=//*[@id="billing"]/form/div[2]/div[1]/div/label, using=xpath}]
Capabilities {acceptInsecureCerts: false, browserName: chrome, browserVersion: 138.0.7204.49, chrome: {chromedriverVersion: 138.0.7204.49 (d2b48fd5f781..., userDataDir: C:\Users\YOGESH~1\AppData\L...}, fedcm:accounts: true, goog:chromeOptions: {debuggerAddress: localhost:1616}, networkConnectionEnabled: false, pageLoadStrategy: normal, platformName: windows, proxy: Proxy(), se:cdp: ws://localhost:1616/devtool..., se:cdpVersion: 138.0.7204.49, setWindowRect: true, strictFileInteractability: false, timeouts: {implicit: 0, pageLoad: 300000, script: 30000}, unhandledPromptBehavior: dismiss and notify, webauthn:extension:credBlob: true, webauthn:extension:largeBlob: true, webauthn:extension:minPinLength: true, webauthn:extension:prf: true, webauthn:virtualAuthenticators: true}
Session ID: 80e799eb4d69e1a64f15fdc0f7d324ce
	at org.openqa.selenium.remote.ErrorCodec.decode(ErrorCodec.java:167)
	at org.openqa.selenium.remote.codec.w3c.W3CHttpResponseCodec.decode(W3CHttpResponseCodec.java:138)
	at org.openqa.selenium.remote.codec.w3c.W3CHttpResponseCodec.decode(W3CHttpResponseCodec.java:50)
	at org.openqa.selenium.remote.HttpCommandExecutor.execute(HttpCommandExecutor.java:190)
	at org.openqa.selenium.remote.service.DriverCommandExecutor.invokeExecute(DriverCommandExecutor.java:216)
	at org.openqa.selenium.remote.service.DriverCommandExecutor.execute(DriverCommandExecutor.java:174)
	at org.openqa.selenium.remote.RemoteWebDriver.execute(RemoteWebDriver.java:518)
	at org.openqa.selenium.remote.ElementLocation$ElementFinder$2.findElement(ElementLocation.java:165)
	at org.openqa.selenium.remote.ElementLocation.findElement(ElementLocation.java:59)
	at org.openqa.selenium.remote.RemoteWebDriver.findElement(RemoteWebDriver.java:355)
	at org.openqa.selenium.remote.RemoteWebDriver.findElement(RemoteWebDriver.java:349)
	at org.openqa.selenium.support.pagefactory.DefaultElementLocator.findElement(DefaultElementLocator.java:68)
	at org.openqa.selenium.support.pagefactory.internal.LocatingElementHandler.invoke(LocatingElementHandler.java:38)
	at jdk.proxy2/jdk.proxy2.$Proxy10.getWrappedElement(Unknown Source)
	at org.openqa.selenium.remote.WebElementToJsonConverter.apply(WebElementToJsonConverter.java:48)
	at java.base/java.util.stream.ReferencePipeline$3$1.accept(ReferencePipeline.java:215)
	at java.base/java.util.Spliterators$ArraySpliterator.forEachRemaining(Spliterators.java:1024)
	at java.base/java.util.stream.AbstractPipeline.copyInto(AbstractPipeline.java:570)
	at java.base/java.util.stream.AbstractPipeline.wrapAndCopyInto(AbstractPipeline.java:560)
	at java.base/java.util.stream.ReduceOps$ReduceOp.evaluateSequential(ReduceOps.java:921)
	at java.base/java.util.stream.AbstractPipeline.evaluate(AbstractPipeline.java:265)
	at java.base/java.util.stream.ReferencePipeline.collect(ReferencePipeline.java:727)
	at org.openqa.selenium.remote.RemoteWebDriver.executeScript(RemoteWebDriver.java:461)
	at testcase_MD_User.Checkout_User.Checkout_User1(Checkout_User.java:38)
	at java.base/java.util.ArrayList.forEach(ArrayList.java:1597)
	at runner.ProgrammaticTestNGRunner.main(ProgrammaticTestNGRunner.java:30)
... Removed 25 stack frames
</div> <!-- stack-trace -->
                </div> <!-- method-content -->
              </div> <!-- method -->
            </div> <!-- main-panel-content rounded-window-bottom -->
          </div> <!-- suite-MySuite-class-failed -->
          <div class="suite-MySuite-class-failed">
            <div class="main-panel-header rounded-window-top">
              <img src="./TestNG reports_files/failed.png">
              <span class="class-name">testcase_MD_User.Menu_User</span>
            </div> <!-- main-panel-header rounded-window-top -->
            <div class="main-panel-content rounded-window-bottom">
              <div class="method">
                <div class="method-content">
                  <a name="Menu_User1">
                  </a> <!-- Menu_User1 -->
                  <span class="method-name">Menu_User1</span>
                  <div class="stack-trace">org.openqa.selenium.ElementClickInterceptedException: element click intercepted: Element &lt;div class="bg-gray-100 p-4 rounded-lg mb-2 h-fit w-full cursor-pointer sm:w-full lg:w-[48%] min-w-[250px] undefined "&gt;...&lt;/div&gt; is not clickable at point (510, 640). Other element would receive the click: &lt;div class="bg-white pb-5  rounded-lg"&gt;...&lt;/div&gt;
  (Session info: chrome=138.0.7204.49)
Build info: version: '4.21.0', revision: '79ed462ef4'
System info: os.name: 'Windows 11', os.arch: 'amd64', os.version: '10.0', java.version: '23.0.1'
Driver info: org.openqa.selenium.chrome.ChromeDriver
Command: [80e799eb4d69e1a64f15fdc0f7d324ce, clickElement {id=f.6FF7D0C4A354A720938B3AF912CABBB3.d.9E12E7306DB652A3547D66EDA7A67E0C.e.29649}]
Capabilities {acceptInsecureCerts: false, browserName: chrome, browserVersion: 138.0.7204.49, chrome: {chromedriverVersion: 138.0.7204.49 (d2b48fd5f781..., userDataDir: C:\Users\YOGESH~1\AppData\L...}, fedcm:accounts: true, goog:chromeOptions: {debuggerAddress: localhost:1616}, networkConnectionEnabled: false, pageLoadStrategy: normal, platformName: windows, proxy: Proxy(), se:cdp: ws://localhost:1616/devtool..., se:cdpVersion: 138.0.7204.49, setWindowRect: true, strictFileInteractability: false, timeouts: {implicit: 0, pageLoad: 300000, script: 30000}, unhandledPromptBehavior: dismiss and notify, webauthn:extension:credBlob: true, webauthn:extension:largeBlob: true, webauthn:extension:minPinLength: true, webauthn:extension:prf: true, webauthn:virtualAuthenticators: true}
Element: [[ChromeDriver: chrome on windows (80e799eb4d69e1a64f15fdc0f7d324ce)] -&gt; xpath: //*[@id="root"]/div/main/div/div[1]/div[2]/div/div[2]/div[2]/div/div/div/div[2]/div[4]/div[1]/div[1]]
Session ID: 80e799eb4d69e1a64f15fdc0f7d324ce
	at org.openqa.selenium.remote.ErrorCodec.decode(ErrorCodec.java:167)
	at org.openqa.selenium.remote.codec.w3c.W3CHttpResponseCodec.decode(W3CHttpResponseCodec.java:138)
	at org.openqa.selenium.remote.codec.w3c.W3CHttpResponseCodec.decode(W3CHttpResponseCodec.java:50)
	at org.openqa.selenium.remote.HttpCommandExecutor.execute(HttpCommandExecutor.java:190)
	at org.openqa.selenium.remote.service.DriverCommandExecutor.invokeExecute(DriverCommandExecutor.java:216)
	at org.openqa.selenium.remote.service.DriverCommandExecutor.execute(DriverCommandExecutor.java:174)
	at org.openqa.selenium.remote.RemoteWebDriver.execute(RemoteWebDriver.java:518)
	at org.openqa.selenium.remote.RemoteWebElement.execute(RemoteWebElement.java:223)
	at org.openqa.selenium.remote.RemoteWebElement.click(RemoteWebElement.java:76)
	at org.openqa.selenium.support.pagefactory.internal.LocatingElementHandler.invoke(LocatingElementHandler.java:51)
	at jdk.proxy2/jdk.proxy2.$Proxy10.click(Unknown Source)
	at testcase_MD_User.Menu_User.Menu_User1(Menu_User.java:233)
	at java.base/java.util.ArrayList.forEach(ArrayList.java:1597)
	at runner.ProgrammaticTestNGRunner.main(ProgrammaticTestNGRunner.java:30)
... Removed 27 stack frames
</div> <!-- stack-trace -->
                </div> <!-- method-content -->
              </div> <!-- method -->
            </div> <!-- main-panel-content rounded-window-bottom -->
          </div> <!-- suite-MySuite-class-failed -->
          <div class="suite-MySuite-class-failed">
            <div class="main-panel-header rounded-window-top">
              <img src="./TestNG reports_files/failed.png">
              <span class="class-name">testcase_MD_User.Login_User</span>
            </div> <!-- main-panel-header rounded-window-top -->
            <div class="main-panel-content rounded-window-bottom">
              <div class="method">
                <div class="method-content">
                  <a name="Login_User1">
                  </a> <!-- Login_User1 -->
                  <span class="method-name">Login_User1</span>
                  <div class="stack-trace">org.openqa.selenium.NoSuchElementException: no such element: Unable to locate element: {"method":"xpath","selector":"//*[@id="root"]/div/main/div/div[1]/div/div/div[2]/div/form/p"}
  (Session info: chrome=138.0.7204.49)
For documentation on this error, please visit: https://www.selenium.dev/documentation/webdriver/troubleshooting/errors#no-such-element-exception
Build info: version: '4.21.0', revision: '79ed462ef4'
System info: os.name: 'Windows 11', os.arch: 'amd64', os.version: '10.0', java.version: '23.0.1'
Driver info: org.openqa.selenium.chrome.ChromeDriver
Command: [80e799eb4d69e1a64f15fdc0f7d324ce, findElement {value=//*[@id="root"]/div/main/div/div[1]/div/div/div[2]/div/form/p, using=xpath}]
Capabilities {acceptInsecureCerts: false, browserName: chrome, browserVersion: 138.0.7204.49, chrome: {chromedriverVersion: 138.0.7204.49 (d2b48fd5f781..., userDataDir: C:\Users\YOGESH~1\AppData\L...}, fedcm:accounts: true, goog:chromeOptions: {debuggerAddress: localhost:1616}, networkConnectionEnabled: false, pageLoadStrategy: normal, platformName: windows, proxy: Proxy(), se:cdp: ws://localhost:1616/devtool..., se:cdpVersion: 138.0.7204.49, setWindowRect: true, strictFileInteractability: false, timeouts: {implicit: 0, pageLoad: 300000, script: 30000}, unhandledPromptBehavior: dismiss and notify, webauthn:extension:credBlob: true, webauthn:extension:largeBlob: true, webauthn:extension:minPinLength: true, webauthn:extension:prf: true, webauthn:virtualAuthenticators: true}
Session ID: 80e799eb4d69e1a64f15fdc0f7d324ce
	at org.openqa.selenium.remote.ErrorCodec.decode(ErrorCodec.java:167)
	at org.openqa.selenium.remote.codec.w3c.W3CHttpResponseCodec.decode(W3CHttpResponseCodec.java:138)
	at org.openqa.selenium.remote.codec.w3c.W3CHttpResponseCodec.decode(W3CHttpResponseCodec.java:50)
	at org.openqa.selenium.remote.HttpCommandExecutor.execute(HttpCommandExecutor.java:190)
	at org.openqa.selenium.remote.service.DriverCommandExecutor.invokeExecute(DriverCommandExecutor.java:216)
	at org.openqa.selenium.remote.service.DriverCommandExecutor.execute(DriverCommandExecutor.java:174)
	at org.openqa.selenium.remote.RemoteWebDriver.execute(RemoteWebDriver.java:518)
	at org.openqa.selenium.remote.ElementLocation$ElementFinder$2.findElement(ElementLocation.java:165)
	at org.openqa.selenium.remote.ElementLocation.findElement(ElementLocation.java:59)
	at org.openqa.selenium.remote.RemoteWebDriver.findElement(RemoteWebDriver.java:355)
	at org.openqa.selenium.remote.RemoteWebDriver.findElement(RemoteWebDriver.java:349)
	at org.openqa.selenium.support.pagefactory.DefaultElementLocator.findElement(DefaultElementLocator.java:68)
	at org.openqa.selenium.support.pagefactory.internal.LocatingElementHandler.invoke(LocatingElementHandler.java:38)
	at jdk.proxy2/jdk.proxy2.$Proxy10.getText(Unknown Source)
	at testcase_MD_User.Login_User.Login_User1(Login_User.java:69)
	at java.base/java.util.ArrayList.forEach(ArrayList.java:1597)
	at runner.ProgrammaticTestNGRunner.main(ProgrammaticTestNGRunner.java:30)
... Removed 25 stack frames
</div> <!-- stack-trace -->
                </div> <!-- method-content -->
              </div> <!-- method -->
            </div> <!-- main-panel-content rounded-window-bottom -->
          </div> <!-- suite-MySuite-class-failed -->
          <div class="suite-MySuite-class-failed">
            <div class="main-panel-header rounded-window-top">
              <img src="./TestNG reports_files/failed.png">
              <span class="class-name">testcase_MD_User.GiftCardUser</span>
            </div> <!-- main-panel-header rounded-window-top -->
            <div class="main-panel-content rounded-window-bottom">
              <div class="method">
                <div class="method-content">
                  <a name="Checkout_User1">
                  </a> <!-- Checkout_User1 -->
                  <span class="method-name">Checkout_User1</span>
                  <div class="stack-trace">org.openqa.selenium.ElementClickInterceptedException: element click intercepted: Element &lt;a class="font-semibold text-sm md:text-md lg:text-lg whitespace-nowrap min-w-[5%] md:w-[17%] lg:w-[15%] flex-shrink-0 text-[var(--color-secondary)]/70" href="/gift-card" data-discover="true"&gt;...&lt;/a&gt; is not clickable at point (915, 32). Other element would receive the click: &lt;div class="flex bg-white px-3  md:px-6 py-3 border-b-1 border-[#d7d7d8]  justify-between items-center w-full sticky top-0 z-20"&gt;...&lt;/div&gt;
  (Session info: chrome=138.0.7204.49)
Build info: version: '4.21.0', revision: '79ed462ef4'
System info: os.name: 'Windows 11', os.arch: 'amd64', os.version: '10.0', java.version: '23.0.1'
Driver info: org.openqa.selenium.chrome.ChromeDriver
Command: [80e799eb4d69e1a64f15fdc0f7d324ce, clickElement {id=f.6FF7D0C4A354A720938B3AF912CABBB3.d.9E12E7306DB652A3547D66EDA7A67E0C.e.1519}]
Capabilities {acceptInsecureCerts: false, browserName: chrome, browserVersion: 138.0.7204.49, chrome: {chromedriverVersion: 138.0.7204.49 (d2b48fd5f781..., userDataDir: C:\Users\YOGESH~1\AppData\L...}, fedcm:accounts: true, goog:chromeOptions: {debuggerAddress: localhost:1616}, networkConnectionEnabled: false, pageLoadStrategy: normal, platformName: windows, proxy: Proxy(), se:cdp: ws://localhost:1616/devtool..., se:cdpVersion: 138.0.7204.49, setWindowRect: true, strictFileInteractability: false, timeouts: {implicit: 0, pageLoad: 300000, script: 30000}, unhandledPromptBehavior: dismiss and notify, webauthn:extension:credBlob: true, webauthn:extension:largeBlob: true, webauthn:extension:minPinLength: true, webauthn:extension:prf: true, webauthn:virtualAuthenticators: true}
Element: [[ChromeDriver: chrome on windows (80e799eb4d69e1a64f15fdc0f7d324ce)] -&gt; xpath: //*[@id="root"]/div/header/div/div/nav/a[4]]
Session ID: 80e799eb4d69e1a64f15fdc0f7d324ce
	at org.openqa.selenium.remote.ErrorCodec.decode(ErrorCodec.java:167)
	at org.openqa.selenium.remote.codec.w3c.W3CHttpResponseCodec.decode(W3CHttpResponseCodec.java:138)
	at org.openqa.selenium.remote.codec.w3c.W3CHttpResponseCodec.decode(W3CHttpResponseCodec.java:50)
	at org.openqa.selenium.remote.HttpCommandExecutor.execute(HttpCommandExecutor.java:190)
	at org.openqa.selenium.remote.service.DriverCommandExecutor.invokeExecute(DriverCommandExecutor.java:216)
	at org.openqa.selenium.remote.service.DriverCommandExecutor.execute(DriverCommandExecutor.java:174)
	at org.openqa.selenium.remote.RemoteWebDriver.execute(RemoteWebDriver.java:518)
	at org.openqa.selenium.remote.RemoteWebElement.execute(RemoteWebElement.java:223)
	at org.openqa.selenium.remote.RemoteWebElement.click(RemoteWebElement.java:76)
	at org.openqa.selenium.support.pagefactory.internal.LocatingElementHandler.invoke(LocatingElementHandler.java:51)
	at jdk.proxy2/jdk.proxy2.$Proxy10.click(Unknown Source)
	at testcase_MD_User.GiftCardUser.Checkout_User1(GiftCardUser.java:35)
	at java.base/java.util.ArrayList.forEach(ArrayList.java:1597)
	at runner.ProgrammaticTestNGRunner.main(ProgrammaticTestNGRunner.java:30)
... Removed 27 stack frames
</div> <!-- stack-trace -->
                </div> <!-- method-content -->
              </div> <!-- method -->
            </div> <!-- main-panel-content rounded-window-bottom -->
          </div> <!-- suite-MySuite-class-failed -->
          <div class="suite-MySuite-class-passed" style="display: none;">
            <div class="main-panel-header rounded-window-top">
              <img src="./TestNG reports_files/passed.png">
              <span class="class-name">testcase_MD_User.Create_Account</span>
            </div> <!-- main-panel-header rounded-window-top -->
            <div class="main-panel-content rounded-window-bottom">
              <div class="method">
                <div class="method-content">
                  <a name="Create_Account1">
                  </a> <!-- Create_Account1 -->
                  <span class="method-name">Create_Account1</span>
                </div> <!-- method-content -->
              </div> <!-- method -->
            </div> <!-- main-panel-content rounded-window-bottom -->
          </div> <!-- suite-MySuite-class-passed -->
        </div> <!-- panel MySuite -->
        <div panel-name="test-xml-MySuite" class="panel" style="display: none;">
          <div class="main-panel-header rounded-window-top">
          </div> <!-- main-panel-header rounded-window-top -->
          <div class="main-panel-content rounded-window-bottom">
            <pre>&lt;?xml version="1.0" encoding="UTF-8"?&gt;
&lt;!DOCTYPE suite SYSTEM "https://testng.org/testng-1.0.dtd"&gt;
&lt;suite name="MySuite"&gt;
  &lt;test thread-count="5" name="MyTest"&gt;
    &lt;classes&gt;
      &lt;class name="testcase_MD_User.Create_Account"/&gt;
      &lt;class name="testcase_MD_User.Login_User"/&gt;
      &lt;class name="testcase_MD_User.Menu_User"/&gt;
      &lt;class name="testcase_MD_User.Checkout_User"/&gt;
      &lt;class name="testcase_MD_User.GiftCardUser"/&gt;
    &lt;/classes&gt;
  &lt;/test&gt; &lt;!-- MyTest --&gt;
&lt;/suite&gt; &lt;!-- MySuite --&gt;
            </pre>
          </div> <!-- main-panel-content rounded-window-bottom -->
        </div> <!-- panel -->
        <div panel-name="testlist-MySuite" class="panel" style="display: none;">
          <div class="main-panel-header rounded-window-top">
            <span class="header-content">Tests for MySuite</span>
          </div> <!-- main-panel-header rounded-window-top -->
          <div class="main-panel-content rounded-window-bottom">
            <ul>
              <li>
                <span class="test-name">MyTest (5 classes)</span>
              </li>
            </ul>
          </div> <!-- main-panel-content rounded-window-bottom -->
        </div> <!-- panel -->
        <div panel-name="group-MySuite" class="panel" style="display: none;">
          <div class="main-panel-header rounded-window-top">
            <span class="header-content">Groups for MySuite</span>
          </div> <!-- main-panel-header rounded-window-top -->
          <div class="main-panel-content rounded-window-bottom">
          </div> <!-- main-panel-content rounded-window-bottom -->
        </div> <!-- panel -->
        <div panel-name="times-MySuite" class="panel" style="display: none;">
          <div class="main-panel-header rounded-window-top">
            <span class="header-content">Times for MySuite</span>
          </div> <!-- main-panel-header rounded-window-top -->
          <div class="main-panel-content rounded-window-bottom">
            <div class="times-div">
              <script type="text/javascript">
suiteTableInitFunctions.push('tableData_MySuite');
function tableData_MySuite() {
var data = new google.visualization.DataTable();
data.addColumn('number', 'Number');
data.addColumn('string', 'Method');
data.addColumn('string', 'Class');
data.addColumn('number', 'Time (ms)');
data.addRows(5);
data.setCell(0, 0, 0)
data.setCell(0, 1, 'Menu_User1')
data.setCell(0, 2, 'testcase_MD_User.Menu_User')
data.setCell(0, 3, 127690);
data.setCell(1, 0, 1)
data.setCell(1, 1, 'Login_User1')
data.setCell(1, 2, 'testcase_MD_User.Login_User')
data.setCell(1, 3, 29876);
data.setCell(2, 0, 2)
data.setCell(2, 1, 'Create_Account1')
data.setCell(2, 2, 'testcase_MD_User.Create_Account')
data.setCell(2, 3, 22251);
data.setCell(3, 0, 3)
data.setCell(3, 1, 'Checkout_User1')
data.setCell(3, 2, 'testcase_MD_User.Checkout_User')
data.setCell(3, 3, 10031);
data.setCell(4, 0, 4)
data.setCell(4, 1, 'Checkout_User1')
data.setCell(4, 2, 'testcase_MD_User.GiftCardUser')
data.setCell(4, 3, 5112);
window.suiteTableData['MySuite']= { tableData: data, tableDiv: 'times-div-MySuite'}
return data;
}
              </script>
              <span class="suite-total-time">Total running time: 3 minutes</span>
              <div id="times-div-MySuite"><div class="google-visualization-table" style="position: relative; z-index: 0; max-width: 100%; max-height: 100%;"><div style="position: relative; overflow: auto; max-width: 100%; max-height: 100%;"><table cellspacing="0" class="google-visualization-table-table"><thead><tr class="google-visualization-table-tr-head"><th class="google-visualization-table-th gradient google-visualization-table-type-number unsorted" tabindex="0" role="button" aria-label="Sort column">Number<span class="google-visualization-table-sortind"></span></th><th class="google-visualization-table-th gradient unsorted" tabindex="0" role="button" aria-label="Sort column">Method<span class="google-visualization-table-sortind"></span></th><th class="google-visualization-table-th gradient unsorted" tabindex="0" role="button" aria-label="Sort column">Class<span class="google-visualization-table-sortind"></span></th><th class="google-visualization-table-th gradient google-visualization-table-type-number unsorted" tabindex="0" role="button" aria-label="Sort column">Time (ms)<span class="google-visualization-table-sortind"></span></th></tr></thead><tbody><tr class="google-visualization-table-tr-even"><td colspan="1" class="google-visualization-table-type-number google-visualization-table-td">0</td><td colspan="1" class="google-visualization-table-td">Menu_User1</td><td colspan="1" class="google-visualization-table-td">testcase_MD_User.Menu_User</td><td colspan="1" class="google-visualization-table-type-number google-visualization-table-td">127,690</td></tr><tr class="google-visualization-table-tr-odd"><td colspan="1" class="google-visualization-table-type-number google-visualization-table-td">1</td><td colspan="1" class="google-visualization-table-td">Login_User1</td><td colspan="1" class="google-visualization-table-td">testcase_MD_User.Login_User</td><td colspan="1" class="google-visualization-table-type-number google-visualization-table-td">29,876</td></tr><tr class="google-visualization-table-tr-even"><td colspan="1" class="google-visualization-table-type-number google-visualization-table-td">2</td><td colspan="1" class="google-visualization-table-td">Create_Account1</td><td colspan="1" class="google-visualization-table-td">testcase_MD_User.Create_Account</td><td colspan="1" class="google-visualization-table-type-number google-visualization-table-td">22,251</td></tr><tr class="google-visualization-table-tr-odd"><td colspan="1" class="google-visualization-table-type-number google-visualization-table-td">3</td><td colspan="1" class="google-visualization-table-td">Checkout_User1</td><td colspan="1" class="google-visualization-table-td">testcase_MD_User.Checkout_User</td><td colspan="1" class="google-visualization-table-type-number google-visualization-table-td">10,031</td></tr><tr class="google-visualization-table-tr-even"><td colspan="1" class="google-visualization-table-type-number google-visualization-table-td">4</td><td colspan="1" class="google-visualization-table-td">Checkout_User1</td><td colspan="1" class="google-visualization-table-td">testcase_MD_User.GiftCardUser</td><td colspan="1" class="google-visualization-table-type-number google-visualization-table-td">5,112</td></tr></tbody></table></div></div></div> <!-- times-div-MySuite -->
            </div> <!-- times-div -->
          </div> <!-- main-panel-content rounded-window-bottom -->
        </div> <!-- panel -->
        <div panel-name="reporter-MySuite" class="panel" style="display: none;">
          <div class="main-panel-header rounded-window-top">
            <span class="header-content">Reporter output for MySuite</span>
          </div> <!-- main-panel-header rounded-window-top -->
          <div class="main-panel-content rounded-window-bottom">
          </div> <!-- main-panel-content rounded-window-bottom -->
        </div> <!-- panel -->
        <div panel-name="ignored-methods-MySuite" class="panel" style="display: none;">
          <div class="main-panel-header rounded-window-top">
            <span class="header-content">8 ignored methods</span>
          </div> <!-- main-panel-header rounded-window-top -->
          <div class="main-panel-content rounded-window-bottom">
            <div class="ignored-class-div">
              <span class="ignored-class-name">testcase_MD_User.Checkout_User</span>
              <div class="ignored-methods-div">
                <span class="ignored-method-name">setup</span>
                <br>
                <span class="ignored-method-name">tearDown</span>
                <br>
              </div> <!-- ignored-methods-div -->
            </div> <!-- ignored-class-div -->
            <div class="ignored-class-div">
              <span class="ignored-class-name">testcase_MD_User.Menu_User</span>
              <div class="ignored-methods-div">
                <span class="ignored-method-name">setup</span>
                <br>
                <span class="ignored-method-name">tearDown</span>
                <br>
              </div> <!-- ignored-methods-div -->
            </div> <!-- ignored-class-div -->
            <div class="ignored-class-div">
              <span class="ignored-class-name">testcase_MD_User.Login_User</span>
              <div class="ignored-methods-div">
                <span class="ignored-method-name">setup</span>
                <br>
                <span class="ignored-method-name">tearDown</span>
                <br>
              </div> <!-- ignored-methods-div -->
            </div> <!-- ignored-class-div -->
            <div class="ignored-class-div">
              <span class="ignored-class-name">testcase_MD_User.GiftCardUser</span>
              <div class="ignored-methods-div">
                <span class="ignored-method-name">setup</span>
                <br>
                <span class="ignored-method-name">tearDown</span>
                <br>
              </div> <!-- ignored-methods-div -->
            </div> <!-- ignored-class-div -->
          </div> <!-- main-panel-content rounded-window-bottom -->
        </div> <!-- panel -->
        <div panel-name="chronological-MySuite" class="panel" style="display: none;">
          <div class="main-panel-header rounded-window-top">
            <span class="header-content">Methods in chronological order</span>
          </div> <!-- main-panel-header rounded-window-top -->
          <div class="main-panel-content rounded-window-bottom">
            <div class="chronological-class">
              <div class="chronological-class-name">testcase_MD_User.Create_Account</div> <!-- chronological-class-name -->
              <div class="configuration-suite before">
                <span class="method-name">setup</span>
                <span class="method-start">0 ms</span>
              </div> <!-- configuration-suite before -->
              <div class="test-method">
                <span class="method-name">Create_Account1</span>
                <span class="method-start">14341 ms</span>
              </div> <!-- test-method -->
            </div> <!-- chronological-class -->
            <div class="chronological-class">
              <div class="chronological-class-name">testcase_MD_User.Login_User</div> <!-- chronological-class-name -->
              <div class="test-method">
                <img src="./TestNG reports_files/failed.png">
                
                <span class="method-name">Login_User1</span>
                <span class="method-start">36603 ms</span>
              </div> <!-- test-method -->
            </div> <!-- chronological-class -->
            <div class="chronological-class">
              <div class="chronological-class-name">testcase_MD_User.Menu_User</div> <!-- chronological-class-name -->
              <div class="test-method">
                <img src="./TestNG reports_files/failed.png">
                
                <span class="method-name">Menu_User1</span>
                <span class="method-start">66479 ms</span>
              </div> <!-- test-method -->
            </div> <!-- chronological-class -->
            <div class="chronological-class">
              <div class="chronological-class-name">testcase_MD_User.Checkout_User</div> <!-- chronological-class-name -->
              <div class="test-method">
                <img src="./TestNG reports_files/failed.png">
                
                <span class="method-name">Checkout_User1</span>
                <span class="method-start">194170 ms</span>
              </div> <!-- test-method -->
            </div> <!-- chronological-class -->
            <div class="chronological-class">
              <div class="chronological-class-name">testcase_MD_User.GiftCardUser</div> <!-- chronological-class-name -->
              <div class="test-method">
                <img src="./TestNG reports_files/failed.png">
                
                <span class="method-name">Checkout_User1</span>
                <span class="method-start">204202 ms</span>
              </div> <!-- test-method -->
            </div> <!-- chronological-class -->
            <div class="chronological-class">
              <div class="chronological-class-name">testcase_MD_User.Create_Account</div> <!-- chronological-class-name -->
              <div class="configuration-suite after">
                <span class="method-name">tearDown</span>
                <span class="method-start">209461 ms</span>
              </div> <!-- configuration-suite after -->
          </div> <!-- main-panel-content rounded-window-bottom -->
        </div> <!-- panel -->
      </div> <!-- main-panel-root -->
    </div> <!-- wrapper -->
  
<script type="text/javascript" src="./TestNG reports_files/testng-reports2.js"></script>

</div></body></html>
